Cleaning old build artifacts
Cleaning old build artifacts
Cleaning old build artifacts
Cleaning old build artifacts
Cleaning old build artifacts
Cleaning old build artifacts
Cleaning old build artifacts
Cleaning old build artifacts
Cleaning old build artifacts
Cleaning old build artifacts
Cleaning old build artifacts
** [Raven] Raven 1.1.0 configured not to send errors.
** [Raven] Raven 1.1.0 configured not to send errors.
Invalid cron_jobs config key: 'historical_data_worker'. Check your gitlab config file.
Invalid cron_jobs config key: 'update_all_mirrors_worker'. Check your gitlab config file.
Invalid cron_jobs config key: 'update_all_remote_mirrors_worker'. Check your gitlab config file.
Invalid cron_jobs config key: 'ldap_sync_worker'. Check your gitlab config file.
Invalid cron_jobs config key: 'geo_bulk_notify_worker'. Check your gitlab config file.
Cleaning old build artifacts
Cleaning old build artifacts
Cleaning old build artifacts
Cleaning old build artifacts
Cleaning old build artifacts
Cleaning old build artifacts
Cleaning old build artifacts
